2024-05-16T23:41:37.523+03:00  INFO 25260 --- [main] g.i.s.ShevelaTelegramBotApplication      : Starting ShevelaTelegramBotApplication using Java 17.0.1 with PID 25260 (C:\Users\jacks\IdeaProjects\shevela-telegram-bot\build\classes\java\main started by jacks in C:\Users\jacks\IdeaProjects\shevela-telegram-bot)
2024-05-16T23:41:37.525+03:00  INFO 25260 --- [main] g.i.s.ShevelaTelegramBotApplication      : No active profile set, falling back to 1 default profile: "default"
2024-05-16T23:41:38.166+03:00  INFO 25260 --- [main] o.s.b.w.embedded.tomcat.TomcatWebServer  : Tomcat initialized with port 8080 (http)
2024-05-16T23:41:38.175+03:00  INFO 25260 --- [main] o.apache.catalina.core.StandardService   : Starting service [Tomcat]
2024-05-16T23:41:38.183+03:00  INFO 25260 --- [main] o.apache.catalina.core.StandardEngine    : Starting Servlet engine: [Apache Tomcat/10.1.20]
2024-05-16T23:41:38.231+03:00  INFO 25260 --- [main] o.a.c.c.C.[Tomcat].[localhost].[/]       : Initializing Spring embedded WebApplicationContext
2024-05-16T23:41:38.231+03:00  INFO 25260 --- [main] w.s.c.ServletWebServerApplicationContext : Root WebApplicationContext: initialization completed in 679 ms
2024-05-16T23:41:38.578+03:00  INFO 25260 --- [main] o.s.b.w.embedded.tomcat.TomcatWebServer  : Tomcat started on port 8080 (http) with context path ''
2024-05-16T23:41:38.912+03:00  INFO 25260 --- [main] g.i.s.ShevelaTelegramBotApplication      : Started ShevelaTelegramBotApplication in 1.738 seconds (process running for 2.15)
2024-05-16T23:41:39.153+03:00  INFO 25260 --- [bank_assistant_tg_bot Telegram Executor] g.i.shevelatelegrambot.bot.TelegramBot   : Received command: /ping From chat № 1830846406
2024-05-16T23:41:39.153+03:00  INFO 25260 --- [bank_assistant_tg_bot Telegram Executor] g.i.s.bot.handler.PingCommandHandler     : Processed command: /ping
2024-05-16T23:41:39.269+03:00  INFO 25260 --- [bank_assistant_tg_bot Telegram Executor] g.i.shevelatelegrambot.bot.TelegramBot   : Send message: pong To chat № 1830846406
2024-05-16T23:46:29.704+03:00  INFO 25260 --- [bank_assistant_tg_bot Telegram Executor] g.i.shevelatelegrambot.bot.TelegramBot   : Received command: /start From chat № 1830846406
2024-05-16T23:46:29.705+03:00  INFO 25260 --- [bank_assistant_tg_bot Telegram Executor] g.i.s.bot.handler.StartCommandHandler    : Processed command: /start
2024-05-16T23:46:29.926+03:00  INFO 25260 --- [bank_assistant_tg_bot Telegram Executor] g.i.shevelatelegrambot.bot.TelegramBot   : Send message: Вас приветствует Bank Assistant Bot!

Bank Assistant Bot предоставляет информацию об основных
финансовых продуктах банка, позволяет сделать заявки на их
получение, выполнить расчет доходности или платежей по
вкладам, картам или кредитам, узнавать курсы валют и пр.

Для получения необходимой информации введите соответствующую команду.

С перечнем команд можно ознакомиться по команде /help.
 To chat № 1830846406
2024-05-16T23:46:38.898+03:00  INFO 25260 --- [bank_assistant_tg_bot Telegram Executor] g.i.shevelatelegrambot.bot.TelegramBot   : Received command: /help From chat № 1830846406
2024-05-16T23:46:38.898+03:00  INFO 25260 --- [bank_assistant_tg_bot Telegram Executor] g.i.s.bot.handler.HelpCommandHandler     : Processed command: /help
2024-05-16T23:46:39.053+03:00  INFO 25260 --- [bank_assistant_tg_bot Telegram Executor] g.i.shevelatelegrambot.bot.TelegramBot   : Send message: /start - начало работы с ботом, первичная инструкция пользователю
/help - справка
/ping - тестовая команда, ответ "pong"
 To chat № 1830846406
2024-05-16T23:46:48.040+03:00  INFO 25260 --- [bank_assistant_tg_bot Telegram Executor] g.i.shevelatelegrambot.bot.TelegramBot   : Received command: /hello From chat № 1830846406
2024-05-16T23:46:48.041+03:00  WARN 25260 --- [bank_assistant_tg_bot Telegram Executor] g.i.s.bot.handler.UnknownCommandHandler  : Unknown command has been processed.
2024-05-16T23:46:48.148+03:00  INFO 25260 --- [bank_assistant_tg_bot Telegram Executor] g.i.shevelatelegrambot.bot.TelegramBot   : Send message: You have entered unknown command. Please check and enter valid command To chat № 1830846406
2024-05-16T23:46:57.827+03:00  WARN 25260 --- [bank_assistant_tg_bot Telegram Executor] g.i.shevelatelegrambot.bot.TelegramBot   : Received unknown message: Hello!
2024-05-16T23:46:57.958+03:00  INFO 25260 --- [bank_assistant_tg_bot Telegram Executor] g.i.shevelatelegrambot.bot.TelegramBot   : Send message: You have entered unknown message. Please check and enter valid command. To chat № 1830846406
2024-05-16T23:47:41.021+03:00  WARN 25260 --- [bank_assistant_tg_bot Telegram Executor] g.i.shevelatelegrambot.bot.TelegramBot   : Received unknown message: null
2024-05-16T23:47:41.211+03:00  INFO 25260 --- [bank_assistant_tg_bot Telegram Executor] g.i.shevelatelegrambot.bot.TelegramBot   : Send message: You have entered unknown message. Please check and enter valid command. To chat № 1830846406
2024-05-16T23:48:14.887+03:00  INFO 25260 --- [bank_assistant_tg_bot Telegram Executor] g.i.shevelatelegrambot.bot.TelegramBot   : Received command: /ping From chat № 1830846406
2024-05-16T23:48:14.887+03:00  INFO 25260 --- [bank_assistant_tg_bot Telegram Executor] g.i.s.bot.handler.PingCommandHandler     : Processed command: /ping
2024-05-16T23:48:14.961+03:00  INFO 25260 --- [bank_assistant_tg_bot Telegram Executor] g.i.shevelatelegrambot.bot.TelegramBot   : Send message: pong To chat № 1830846406
2024-05-16T23:50:02.973+03:00  INFO 13920 --- [main] g.i.s.ShevelaTelegramBotApplication      : Starting ShevelaTelegramBotApplication using Java 17.0.1 with PID 13920 (C:\Users\jacks\IdeaProjects\shevela-telegram-bot\build\classes\java\main started by jacks in C:\Users\jacks\IdeaProjects\shevela-telegram-bot)
2024-05-16T23:50:02.975+03:00  INFO 13920 --- [main] g.i.s.ShevelaTelegramBotApplication      : No active profile set, falling back to 1 default profile: "default"
2024-05-16T23:50:03.522+03:00  INFO 13920 --- [main] o.s.b.w.embedded.tomcat.TomcatWebServer  : Tomcat initialized with port 8080 (http)
2024-05-16T23:50:03.530+03:00  INFO 13920 --- [main] o.apache.catalina.core.StandardService   : Starting service [Tomcat]
2024-05-16T23:50:03.530+03:00  INFO 13920 --- [main] o.apache.catalina.core.StandardEngine    : Starting Servlet engine: [Apache Tomcat/10.1.20]
2024-05-16T23:50:03.574+03:00  INFO 13920 --- [main] o.a.c.c.C.[Tomcat].[localhost].[/]       : Initializing Spring embedded WebApplicationContext
2024-05-16T23:50:03.574+03:00  INFO 13920 --- [main] w.s.c.ServletWebServerApplicationContext : Root WebApplicationContext: initialization completed in 573 ms
2024-05-16T23:50:03.907+03:00  INFO 13920 --- [main] o.s.b.w.embedded.tomcat.TomcatWebServer  : Tomcat started on port 8080 (http) with context path ''
2024-05-16T23:50:04.253+03:00  INFO 13920 --- [main] g.i.s.ShevelaTelegramBotApplication      : Started ShevelaTelegramBotApplication in 1.591 seconds (process running for 1.963)
2024-05-16T23:50:32.493+03:00  INFO 13920 --- [bank_assistant_tg_bot Telegram Executor] g.i.shevelatelegrambot.bot.TelegramBot   : Received command: /start From chat № 1830846406
2024-05-16T23:50:32.494+03:00  INFO 13920 --- [bank_assistant_tg_bot Telegram Executor] g.i.s.bot.handler.StartCommandHandler    : Processed command: /start
2024-05-16T23:50:32.580+03:00  INFO 13920 --- [bank_assistant_tg_bot Telegram Executor] g.i.shevelatelegrambot.bot.TelegramBot   : Send message: Вас приветствует Bank Assistant Bot!

Bank Assistant Bot предоставляет информацию об основных
финансовых продуктах банка, позволяет сделать заявки на их
получение, выполнить расчет доходности или платежей по
вкладам, картам или кредитам, узнавать курсы валют и пр.

Для получения необходимой информации введите соответствующую команду.

С перечнем команд можно ознакомиться по команде /help.
 To chat № 1830846406
2024-05-16T23:50:37.303+03:00  INFO 13920 --- [bank_assistant_tg_bot Telegram Executor] g.i.shevelatelegrambot.bot.TelegramBot   : Received command: /help From chat № 1830846406
2024-05-16T23:50:37.303+03:00  INFO 13920 --- [bank_assistant_tg_bot Telegram Executor] g.i.s.bot.handler.HelpCommandHandler     : Processed command: /help
2024-05-16T23:50:37.377+03:00  INFO 13920 --- [bank_assistant_tg_bot Telegram Executor] g.i.shevelatelegrambot.bot.TelegramBot   : Send message: /start - начало работы с ботом, первичная инструкция пользователю
/help - справка
/ping - тестовая команда, ответ "pong"
 To chat № 1830846406
2024-05-16T23:50:39.573+03:00  INFO 13920 --- [bank_assistant_tg_bot Telegram Executor] g.i.shevelatelegrambot.bot.TelegramBot   : Received command: /ping From chat № 1830846406
2024-05-16T23:50:39.574+03:00  INFO 13920 --- [bank_assistant_tg_bot Telegram Executor] g.i.s.bot.handler.PingCommandHandler     : Processed command: /ping
2024-05-16T23:50:39.738+03:00  INFO 13920 --- [bank_assistant_tg_bot Telegram Executor] g.i.shevelatelegrambot.bot.TelegramBot   : Send message: pong To chat № 1830846406
2024-05-16T23:50:46.965+03:00  INFO 13920 --- [bank_assistant_tg_bot Telegram Executor] g.i.shevelatelegrambot.bot.TelegramBot   : Received command: /hi From chat № 1830846406
2024-05-16T23:50:46.965+03:00  WARN 13920 --- [bank_assistant_tg_bot Telegram Executor] g.i.s.bot.handler.UnknownCommandHandler  : Unknown command has been processed.
2024-05-16T23:50:47.070+03:00  INFO 13920 --- [bank_assistant_tg_bot Telegram Executor] g.i.shevelatelegrambot.bot.TelegramBot   : Send message: You have entered unknown command. Please check and enter valid command To chat № 1830846406
2024-05-16T23:50:52.758+03:00  WARN 13920 --- [bank_assistant_tg_bot Telegram Executor] g.i.shevelatelegrambot.bot.TelegramBot   : Received unknown message: Hi
2024-05-16T23:50:52.884+03:00  INFO 13920 --- [bank_assistant_tg_bot Telegram Executor] g.i.shevelatelegrambot.bot.TelegramBot   : Send message: You have entered unknown message. Please check and enter valid command. To chat № 1830846406
2024-05-16T23:51:04.567+03:00  WARN 13920 --- [bank_assistant_tg_bot Telegram Executor] g.i.shevelatelegrambot.bot.TelegramBot   : Received unknown message: null
2024-05-16T23:51:04.686+03:00  INFO 13920 --- [bank_assistant_tg_bot Telegram Executor] g.i.shevelatelegrambot.bot.TelegramBot   : Send message: You have entered unknown message. Please check and enter valid command. To chat № 1830846406
2024-05-16T23:51:11.914+03:00  WARN 13920 --- [bank_assistant_tg_bot Telegram Executor] g.i.shevelatelegrambot.bot.TelegramBot   : Received unknown message: **
2024-05-16T23:51:12.006+03:00  INFO 13920 --- [bank_assistant_tg_bot Telegram Executor] g.i.shevelatelegrambot.bot.TelegramBot   : Send message: You have entered unknown message. Please check and enter valid command. To chat № 1830846406
2024-05-16T23:51:18.606+03:00  INFO 13920 --- [bank_assistant_tg_bot Telegram Executor] g.i.shevelatelegrambot.bot.TelegramBot   : Received command: /* From chat № 1830846406
2024-05-16T23:51:18.606+03:00  WARN 13920 --- [bank_assistant_tg_bot Telegram Executor] g.i.s.bot.handler.UnknownCommandHandler  : Unknown command has been processed.
2024-05-16T23:51:19.042+03:00  INFO 13920 --- [bank_assistant_tg_bot Telegram Executor] g.i.shevelatelegrambot.bot.TelegramBot   : Send message: You have entered unknown command. Please check and enter valid command To chat № 1830846406
